Arguments: 
  /Users/jingweicai/.nvm/versions/node/v15.10.0/bin/node /usr/local/Cellar/yarn/1.7.0/libexec/bin/yarn.js add --dev @types/console-grid

PATH: 
  /Users/jingweicai/.rvm/gems/ruby-2.2.4/bin:/Users/jingweicai/.rvm/gems/ruby-2.2.4@global/bin:/Users/jingweicai/.rvm/rubies/ruby-2.2.4/bin:/Users/jingweicai/.nvm/versions/node/v15.10.0/bin:/Users/jingweicai/dev/wx_depot_tools:/Library/Frameworks/Python.framework/Versions/3.7/bin:/usr/local/bin:/usr/bin:/bin:/usr/sbin:/sbin:/Applications/VMware Fusion.app/Contents/Public:/usr/local/go/bin:/opt/X11/bin:/Library/Apple/usr/bin:/Applications/Wireshark.app/Contents/MacOS:/Users/jingweicai/.rvm/gems/ruby-2.2.4/bin:/Users/jingweicai/.rvm/gems/ruby-2.2.4@global/bin:/Users/jingweicai/.rvm/rubies/ruby-2.2.4/bin:/Users/jingweicai/.nvm/versions/node/v15.10.0/bin:/Users/jingweicai/dev/wx_depot_tools:/Library/Frameworks/Python.framework/Versions/3.7/bin:/usr/local/bin/yarn:/Users/jingweicai/.npm-global/bin:/Users/jingweicai/Documents/code/flutter/bin:/Users/jingweicai/.rvm/bin:/Users/jingweicai/dev/depot_tools:/usr/local/bin/yarn:/Users/jingweicai/.npm-global/bin:/Users/jingweicai/Documents/code/flutter/bin:/Users/jingweicai/.rvm/bin:/Users/jingweicai/dev/depot_tools

Yarn version: 
  1.7.0

Node version: 
  15.10.0

Platform: 
  darwin x64

Trace: 
  Error: http://r.tnpm.oa.com/@types%2fconsole-grid: no such package available
      at Request.params.callback [as _callback] (/usr/local/Cellar/yarn/1.7.0/libexec/lib/cli.js:65656:18)
      at Request.self.callback (/usr/local/Cellar/yarn/1.7.0/libexec/lib/cli.js:134675:22)
      at Request.emit (node:events:378:20)
      at Request.<anonymous> (/usr/local/Cellar/yarn/1.7.0/libexec/lib/cli.js:135658:10)
      at Request.emit (node:events:378:20)
      at Gunzip.<anonymous> (/usr/local/Cellar/yarn/1.7.0/libexec/lib/cli.js:135578:12)
      at Object.onceWrapper (node:events:484:28)
      at Gunzip.emit (node:events:378:20)
      at endReadableNT (node:internal/streams/readable:1307:12)
      at processTicksAndRejections (node:internal/process/task_queues:81:21)

npm manifest: 
  {
    "name": "v8coverage",
    "version": "1.0.0",
    "description": "",
    "main": "dist/index.js",
    "bin": "dist/cli.js",
    "scripts": {
      "test": "echo \"Error: no test specified\" && exit 1",
      "build": "tsc",
      "dev": "tsc --watch"
    },
    "repository": {
      "type": "git",
      "url": "git+https://github.com/caijw/v8Coverage.git"
    },
    "author": "",
    "license": "ISC",
    "bugs": {
      "url": "https://github.com/caijw/v8Coverage/issues"
    },
    "homepage": "https://github.com/caijw/v8Coverage#readme",
    "devDependencies": {
      "@types/node": "^16.11.4",
      "ts-node-dev": "^1.1.8",
      "tsc": "^2.0.3",
      "typescript": "^4.4.4"
    },
    "dependencies": {
      "commander": "^8.3.0",
      "console-grid": "^1.0.17"
    }
  }

yarn manifest: 
  No manifest

Lockfile: 
  # THIS IS AN AUTOGENERATED FILE. DO NOT EDIT THIS FILE DIRECTLY.
  # yarn lockfile v1
  
  
  "@types/node@^16.11.4":
    version "16.11.4"
    resolved "http://r.tnpm.oa.com/@types%2fnode/-/node-16.11.4.tgz"
  
  "@types/strip-bom@^3.0.0":
    version "3.0.0"
    resolved "http://r.tnpm.oa.com/@types%2fstrip-bom/-/strip-bom-3.0.0.tgz"
  
  "@types/strip-json-comments@0.0.30":
    version "0.0.30"
    resolved "http://r.tnpm.oa.com/@types%2fstrip-json-comments/-/strip-json-comments-0.0.30.tgz"
  
  anymatch@~3.1.2:
    version "3.1.2"
    resolved "http://r.tnpm.oa.com/anymatch/-/anymatch-3.1.2.tgz"
    dependencies:
      normalize-path "^3.0.0"
      picomatch "^2.0.4"
  
  arg@^4.1.0:
    version "4.1.3"
    resolved "http://r.tnpm.oa.com/arg/-/arg-4.1.3.tgz"
  
  balanced-match@^1.0.0:
    version "1.0.2"
    resolved "http://r.tnpm.oa.com/balanced-match/-/balanced-match-1.0.2.tgz"
  
  binary-extensions@^2.0.0:
    version "2.2.0"
    resolved "http://r.tnpm.oa.com/binary-extensions/-/binary-extensions-2.2.0.tgz"
  
  brace-expansion@^1.1.7:
    version "1.1.11"
    resolved "http://r.tnpm.oa.com/brace-expansion/-/brace-expansion-1.1.11.tgz"
    dependencies:
      balanced-match "^1.0.0"
      concat-map "0.0.1"
  
  braces@~3.0.2:
    version "3.0.2"
    resolved "http://r.tnpm.oa.com/braces/-/braces-3.0.2.tgz"
    dependencies:
      fill-range "^7.0.1"
  
  buffer-from@^1.0.0:
    version "1.1.2"
    resolved "http://r.tnpm.oa.com/buffer-from/-/buffer-from-1.1.2.tgz"
  
  chokidar@^3.5.1:
    version "3.5.2"
    resolved "http://r.tnpm.oa.com/chokidar/-/chokidar-3.5.2.tgz"
    dependencies:
      anymatch "~3.1.2"
      braces "~3.0.2"
      glob-parent "~5.1.2"
      is-binary-path "~2.1.0"
      is-glob "~4.0.1"
      normalize-path "~3.0.0"
      readdirp "~3.6.0"
    optionalDependencies:
      fsevents "~2.3.2"
  
  commander@^8.3.0:
    version "8.3.0"
    resolved "http://r.tnpm.oa.com/commander/-/commander-8.3.0.tgz"
  
  concat-map@0.0.1:
    version "0.0.1"
    resolved "http://r.tnpm.oa.com/concat-map/-/concat-map-0.0.1.tgz"
  
  console-grid@^1.0.17:
    version "1.0.17"
    resolved "http://r.tnpm.oa.com/console-grid/-/console-grid-1.0.17.tgz#e39510703500c37ba27e8cd15f8d6be0b2054616"
    dependencies:
      eight-colors "^1.0.0"
  
  create-require@^1.1.0:
    version "1.1.1"
    resolved "http://r.tnpm.oa.com/create-require/-/create-require-1.1.1.tgz"
  
  diff@^4.0.1:
    version "4.0.2"
    resolved "http://r.tnpm.oa.com/diff/-/diff-4.0.2.tgz"
  
  dynamic-dedupe@^0.3.0:
    version "0.3.0"
    resolved "http://r.tnpm.oa.com/dynamic-dedupe/-/dynamic-dedupe-0.3.0.tgz"
    dependencies:
      xtend "^4.0.0"
  
  eight-colors@^1.0.0:
    version "1.0.0"
    resolved "http://r.tnpm.oa.com/eight-colors/-/eight-colors-1.0.0.tgz#9db75257fed90b1482c3f3338348dae674a0b6f0"
  
  fill-range@^7.0.1:
    version "7.0.1"
    resolved "http://r.tnpm.oa.com/fill-range/-/fill-range-7.0.1.tgz"
    dependencies:
      to-regex-range "^5.0.1"
  
  fs.realpath@^1.0.0:
    version "1.0.0"
    resolved "http://r.tnpm.oa.com/fs.realpath/-/fs.realpath-1.0.0.tgz"
  
  fsevents@~2.3.2:
    version "2.3.2"
    resolved "http://r.tnpm.oa.com/fsevents/-/fsevents-2.3.2.tgz"
  
  function-bind@^1.1.1:
    version "1.1.1"
    resolved "http://r.tnpm.oa.com/function-bind/-/function-bind-1.1.1.tgz"
  
  glob-parent@~5.1.2:
    version "5.1.2"
    resolved "http://r.tnpm.oa.com/glob-parent/-/glob-parent-5.1.2.tgz"
    dependencies:
      is-glob "^4.0.1"
  
  glob@^7.1.3:
    version "7.2.0"
    resolved "http://r.tnpm.oa.com/glob/-/glob-7.2.0.tgz"
    dependencies:
      fs.realpath "^1.0.0"
      inflight "^1.0.4"
      inherits "2"
      minimatch "^3.0.4"
      once "^1.3.0"
      path-is-absolute "^1.0.0"
  
  has@^1.0.3:
    version "1.0.3"
    resolved "http://r.tnpm.oa.com/has/-/has-1.0.3.tgz"
    dependencies:
      function-bind "^1.1.1"
  
  inflight@^1.0.4:
    version "1.0.6"
    resolved "http://r.tnpm.oa.com/inflight/-/inflight-1.0.6.tgz"
    dependencies:
      once "^1.3.0"
      wrappy "1"
  
  inherits@2:
    version "2.0.4"
    resolved "http://r.tnpm.oa.com/inherits/-/inherits-2.0.4.tgz"
  
  is-binary-path@~2.1.0:
    version "2.1.0"
    resolved "http://r.tnpm.oa.com/is-binary-path/-/is-binary-path-2.1.0.tgz"
    dependencies:
      binary-extensions "^2.0.0"
  
  is-core-module@^2.2.0:
    version "2.8.0"
    resolved "http://r.tnpm.oa.com/is-core-module/-/is-core-module-2.8.0.tgz"
    dependencies:
      has "^1.0.3"
  
  is-extglob@^2.1.1:
    version "2.1.1"
    resolved "http://r.tnpm.oa.com/is-extglob/-/is-extglob-2.1.1.tgz"
  
  is-glob@^4.0.1, is-glob@~4.0.1:
    version "4.0.3"
    resolved "http://r.tnpm.oa.com/is-glob/-/is-glob-4.0.3.tgz"
    dependencies:
      is-extglob "^2.1.1"
  
  is-number@^7.0.0:
    version "7.0.0"
    resolved "http://r.tnpm.oa.com/is-number/-/is-number-7.0.0.tgz"
  
  make-error@^1.1.1:
    version "1.3.6"
    resolved "http://r.tnpm.oa.com/make-error/-/make-error-1.3.6.tgz"
  
  minimatch@^3.0.4:
    version "3.0.4"
    resolved "http://r.tnpm.oa.com/minimatch/-/minimatch-3.0.4.tgz"
    dependencies:
      brace-expansion "^1.1.7"
  
  minimist@^1.2.5:
    version "1.2.5"
    resolved "http://r.tnpm.oa.com/minimist/-/minimist-1.2.5.tgz"
  
  mkdirp@^1.0.4:
    version "1.0.4"
    resolved "http://r.tnpm.oa.com/mkdirp/-/mkdirp-1.0.4.tgz"
  
  normalize-path@^3.0.0, normalize-path@~3.0.0:
    version "3.0.0"
    resolved "http://r.tnpm.oa.com/normalize-path/-/normalize-path-3.0.0.tgz"
  
  once@^1.3.0:
    version "1.4.0"
    resolved "http://r.tnpm.oa.com/once/-/once-1.4.0.tgz"
    dependencies:
      wrappy "1"
  
  path-is-absolute@^1.0.0:
    version "1.0.1"
    resolved "http://r.tnpm.oa.com/path-is-absolute/-/path-is-absolute-1.0.1.tgz"
  
  path-parse@^1.0.6:
    version "1.0.7"
    resolved "http://r.tnpm.oa.com/path-parse/-/path-parse-1.0.7.tgz"
  
  picomatch@^2.0.4, picomatch@^2.2.1:
    version "2.3.0"
    resolved "http://r.tnpm.oa.com/picomatch/-/picomatch-2.3.0.tgz"
  
  readdirp@~3.6.0:
    version "3.6.0"
    resolved "http://r.tnpm.oa.com/readdirp/-/readdirp-3.6.0.tgz"
    dependencies:
      picomatch "^2.2.1"
  
  resolve@^1.0.0:
    version "1.20.0"
    resolved "http://r.tnpm.oa.com/resolve/-/resolve-1.20.0.tgz"
    dependencies:
      is-core-module "^2.2.0"
      path-parse "^1.0.6"
  
  rimraf@^2.6.1:
    version "2.7.1"
    resolved "http://r.tnpm.oa.com/rimraf/-/rimraf-2.7.1.tgz"
    dependencies:
      glob "^7.1.3"
  
  source-map-support@^0.5.12, source-map-support@^0.5.17:
    version "0.5.20"
    resolved "http://r.tnpm.oa.com/source-map-support/-/source-map-support-0.5.20.tgz"
    dependencies:
      buffer-from "^1.0.0"
      source-map "^0.6.0"
  
  source-map@^0.6.0:
    version "0.6.1"
    resolved "http://r.tnpm.oa.com/source-map/-/source-map-0.6.1.tgz"
  
  strip-bom@^3.0.0:
    version "3.0.0"
    resolved "http://r.tnpm.oa.com/strip-bom/-/strip-bom-3.0.0.tgz"
  
  strip-json-comments@^2.0.0:
    version "2.0.1"
    resolved "http://r.tnpm.oa.com/strip-json-comments/-/strip-json-comments-2.0.1.tgz"
  
  to-regex-range@^5.0.1:
    version "5.0.1"
    resolved "http://r.tnpm.oa.com/to-regex-range/-/to-regex-range-5.0.1.tgz"
    dependencies:
      is-number "^7.0.0"
  
  tree-kill@^1.2.2:
    version "1.2.2"
    resolved "http://r.tnpm.oa.com/tree-kill/-/tree-kill-1.2.2.tgz"
  
  ts-node-dev@^1.1.8:
    version "1.1.8"
    resolved "http://r.tnpm.oa.com/ts-node-dev/-/ts-node-dev-1.1.8.tgz"
    dependencies:
      chokidar "^3.5.1"
      dynamic-dedupe "^0.3.0"
      minimist "^1.2.5"
      mkdirp "^1.0.4"
      resolve "^1.0.0"
      rimraf "^2.6.1"
      source-map-support "^0.5.12"
      tree-kill "^1.2.2"
      ts-node "^9.0.0"
      tsconfig "^7.0.0"
  
  ts-node@^9.0.0:
    version "9.1.1"
    resolved "http://r.tnpm.oa.com/ts-node/-/ts-node-9.1.1.tgz"
    dependencies:
      arg "^4.1.0"
      create-require "^1.1.0"
      diff "^4.0.1"
      make-error "^1.1.1"
      source-map-support "^0.5.17"
      yn "3.1.1"
  
  tsc@^2.0.3:
    version "2.0.3"
    resolved "http://r.tnpm.oa.com/tsc/-/tsc-2.0.3.tgz"
  
  tsconfig@^7.0.0:
    version "7.0.0"
    resolved "http://r.tnpm.oa.com/tsconfig/-/tsconfig-7.0.0.tgz"
    dependencies:
      "@types/strip-bom" "^3.0.0"
      "@types/strip-json-comments" "0.0.30"
      strip-bom "^3.0.0"
      strip-json-comments "^2.0.0"
  
  typescript@^4.4.4:
    version "4.4.4"
    resolved "http://r.tnpm.oa.com/typescript/-/typescript-4.4.4.tgz"
  
  wrappy@1:
    version "1.0.2"
    resolved "http://r.tnpm.oa.com/wrappy/-/wrappy-1.0.2.tgz"
  
  xtend@^4.0.0:
    version "4.0.2"
    resolved "http://r.tnpm.oa.com/xtend/-/xtend-4.0.2.tgz"
  
  yn@3.1.1:
    version "3.1.1"
    resolved "http://r.tnpm.oa.com/yn/-/yn-3.1.1.tgz"
